<?xml version="1.0" encoding="UTF-8" ?>
<testsuite errors="0" failures="0" hostname="Aspire_Linux" name="it.musicrizz.gameoflife.test.modello.TestModelloAnalizzaMondo" skipped="0" tests="1" time="0.418" timestamp="2017-05-27T16:48:21">
  <properties>
[...]
</properties>
  <testcase classname="it.musicrizz.gameoflife.test.modello.TestModelloAnalizzaMondo" name="testGlinder" time="0.253" />
  <system-out><![CDATA[ANALIZZA MONDO Generazione 0
ANALIZZA MONDO Generazione 1
ANALIZZA MONDO Generazione 2
ANALIZZA MONDO Generazione 3
]]></system-out>
  <system-err><![CDATA[]]></system-err>
</testsuite>
